[INFO  - 2017-12-10T04:11:17.537Z] GhostDriver - Main - running on port 51143
[INFO  - 2017-12-10T04:11:19.577Z] Session [2cbcd060-dd60-11e7-9bd6-1be88dac27be] - page.settings - {"XSSAuditingEnabled":false,"javascriptCanCloseWindows":true,"javascriptCanOpenWindows":true,"javascriptEnabled":true,"loadImages":false,"localToRemoteUrlAccessEnabled":false,"userAgent":"Mozilla/5.0 (Windows NT 6.2; WOW64) AppleWebKit/538.1 (KHTML, like Gecko) PhantomJS/2.1.1 Safari/538.1","webSecurityEnabled":true}
[INFO  - 2017-12-10T04:11:19.577Z] Session [2cbcd060-dd60-11e7-9bd6-1be88dac27be] - page.customHeaders:  - {}
[INFO  - 2017-12-10T04:11:19.578Z] Session [2cbcd060-dd60-11e7-9bd6-1be88dac27be] - Session.negotiatedCapabilities - {"browserName":"phantomjs","version":"2.1.1","driverName":"ghostdriver","driverVersion":"1.2.0","platform":"windows-10-32bit","javascriptEnabled":true,"takesScreenshot":true,"handlesAlerts":false,"databaseEnabled":false,"locationContextEnabled":false,"applicationCacheEnabled":false,"browserConnectionEnabled":false,"cssSelectorsEnabled":true,"webStorageEnabled":false,"rotatable":false,"acceptSslCerts":false,"nativeEvents":true,"proxy":{"proxyType":"direct"}}
[INFO  - 2017-12-10T04:11:19.578Z] SessionManagerReqHand - _postNewSessionCommand - New Session Created: 2cbcd060-dd60-11e7-9bd6-1be88dac27be
[ERROR - 2017-12-10T04:11:24.555Z] Session [2cbcd060-dd60-11e7-9bd6-1be88dac27be] - page.onError - msg: kg/xtemplate/4.3.0/runtime is not loaded! can not find module in path : https://g.alicdn.com/kg/??xtemplate/4.3.0/runtime-min.js,component/6.2.3/control-min.js,menu/6.1.5/lib/menu/popupmenu-min.js,menu/6.1.5/lib/menu/menuitem-min.js,search-suggest/6.3.1/mods/storage-min.js,search-suggest/6.3.1/mods/utils-min.js,uploader/6.2.13/logger-min.js,flash/6.0.8/index-min.js

  phantomjs://platform/console++.js:263 in error
[ERROR - 2017-12-10T04:11:24.557Z] Session [2cbcd060-dd60-11e7-9bd6-1be88dac27be] - page.onError - stack:
  (anonymous function) (https://g.alicdn.com/??kissy/k/6.2.4/seed-min.js,kg/global-util/1.0.5/index-min.js,tb/tracker/4.2.1/p/index/index.js,kg/tb-nav/2.5.3/index-min.js,secdev/sufei_data/3.0.8/index.js:5)

  phantomjs://platform/console++.js:263 in error
[ERROR - 2017-12-10T04:11:24.558Z] Session [2cbcd060-dd60-11e7-9bd6-1be88dac27be] - page.onError - msg: kg/component/6.2.3/control is not loaded! can not find module in path : https://g.alicdn.com/kg/??xtemplate/4.3.0/runtime-min.js,component/6.2.3/control-min.js,menu/6.1.5/lib/menu/popupmenu-min.js,menu/6.1.5/lib/menu/menuitem-min.js,search-suggest/6.3.1/mods/storage-min.js,search-suggest/6.3.1/mods/utils-min.js,uploader/6.2.13/logger-min.js,flash/6.0.8/index-min.js

  phantomjs://platform/console++.js:263 in error
[ERROR - 2017-12-10T04:11:24.558Z] Session [2cbcd060-dd60-11e7-9bd6-1be88dac27be] - page.onError - stack:
  (anonymous function) (https://g.alicdn.com/??kissy/k/6.2.4/seed-min.js,kg/global-util/1.0.5/index-min.js,tb/tracker/4.2.1/p/index/index.js,kg/tb-nav/2.5.3/index-min.js,secdev/sufei_data/3.0.8/index.js:5)

  phantomjs://platform/console++.js:263 in error
[ERROR - 2017-12-10T04:11:24.559Z] Session [2cbcd060-dd60-11e7-9bd6-1be88dac27be] - page.onError - msg: kg/menu/6.1.5/lib/menu/popupmenu is not loaded! can not find module in path : https://g.alicdn.com/kg/??xtemplate/4.3.0/runtime-min.js,component/6.2.3/control-min.js,menu/6.1.5/lib/menu/popupmenu-min.js,menu/6.1.5/lib/menu/menuitem-min.js,search-suggest/6.3.1/mods/storage-min.js,search-suggest/6.3.1/mods/utils-min.js,uploader/6.2.13/logger-min.js,flash/6.0.8/index-min.js

  phantomjs://platform/console++.js:263 in error
[ERROR - 2017-12-10T04:11:24.560Z] Session [2cbcd060-dd60-11e7-9bd6-1be88dac27be] - page.onError - stack:
  (anonymous function) (https://g.alicdn.com/??kissy/k/6.2.4/seed-min.js,kg/global-util/1.0.5/index-min.js,tb/tracker/4.2.1/p/index/index.js,kg/tb-nav/2.5.3/index-min.js,secdev/sufei_data/3.0.8/index.js:5)

  phantomjs://platform/console++.js:263 in error
[ERROR - 2017-12-10T04:11:24.560Z] Session [2cbcd060-dd60-11e7-9bd6-1be88dac27be] - page.onError - msg: kg/menu/6.1.5/lib/menu/menuitem is not loaded! can not find module in path : https://g.alicdn.com/kg/??xtemplate/4.3.0/runtime-min.js,component/6.2.3/control-min.js,menu/6.1.5/lib/menu/popupmenu-min.js,menu/6.1.5/lib/menu/menuitem-min.js,search-suggest/6.3.1/mods/storage-min.js,search-suggest/6.3.1/mods/utils-min.js,uploader/6.2.13/logger-min.js,flash/6.0.8/index-min.js

  phantomjs://platform/console++.js:263 in error
[ERROR - 2017-12-10T04:11:24.561Z] Session [2cbcd060-dd60-11e7-9bd6-1be88dac27be] - page.onError - stack:
  (anonymous function) (https://g.alicdn.com/??kissy/k/6.2.4/seed-min.js,kg/global-util/1.0.5/index-min.js,tb/tracker/4.2.1/p/index/index.js,kg/tb-nav/2.5.3/index-min.js,secdev/sufei_data/3.0.8/index.js:5)

  phantomjs://platform/console++.js:263 in error
[ERROR - 2017-12-10T04:11:24.562Z] Session [2cbcd060-dd60-11e7-9bd6-1be88dac27be] - page.onError - msg: kg/search-suggest/6.3.1/mods/storage is not loaded! can not find module in path : https://g.alicdn.com/kg/??xtemplate/4.3.0/runtime-min.js,component/6.2.3/control-min.js,menu/6.1.5/lib/menu/popupmenu-min.js,menu/6.1.5/lib/menu/menuitem-min.js,search-suggest/6.3.1/mods/storage-min.js,search-suggest/6.3.1/mods/utils-min.js,uploader/6.2.13/logger-min.js,flash/6.0.8/index-min.js

  phantomjs://platform/console++.js:263 in error
[ERROR - 2017-12-10T04:11:24.563Z] Session [2cbcd060-dd60-11e7-9bd6-1be88dac27be] - page.onError - stack:
  (anonymous function) (https://g.alicdn.com/??kissy/k/6.2.4/seed-min.js,kg/global-util/1.0.5/index-min.js,tb/tracker/4.2.1/p/index/index.js,kg/tb-nav/2.5.3/index-min.js,secdev/sufei_data/3.0.8/index.js:5)

  phantomjs://platform/console++.js:263 in error
[ERROR - 2017-12-10T04:11:24.563Z] Session [2cbcd060-dd60-11e7-9bd6-1be88dac27be] - page.onError - msg: kg/search-suggest/6.3.1/mods/utils is not loaded! can not find module in path : https://g.alicdn.com/kg/??xtemplate/4.3.0/runtime-min.js,component/6.2.3/control-min.js,menu/6.1.5/lib/menu/popupmenu-min.js,menu/6.1.5/lib/menu/menuitem-min.js,search-suggest/6.3.1/mods/storage-min.js,search-suggest/6.3.1/mods/utils-min.js,uploader/6.2.13/logger-min.js,flash/6.0.8/index-min.js

  phantomjs://platform/console++.js:263 in error
[ERROR - 2017-12-10T04:11:24.564Z] Session [2cbcd060-dd60-11e7-9bd6-1be88dac27be] - page.onError - stack:
  (anonymous function) (https://g.alicdn.com/??kissy/k/6.2.4/seed-min.js,kg/global-util/1.0.5/index-min.js,tb/tracker/4.2.1/p/index/index.js,kg/tb-nav/2.5.3/index-min.js,secdev/sufei_data/3.0.8/index.js:5)

  phantomjs://platform/console++.js:263 in error
[ERROR - 2017-12-10T04:11:24.564Z] Session [2cbcd060-dd60-11e7-9bd6-1be88dac27be] - page.onError - msg: kg/uploader/6.2.13/logger is not loaded! can not find module in path : https://g.alicdn.com/kg/??xtemplate/4.3.0/runtime-min.js,component/6.2.3/control-min.js,menu/6.1.5/lib/menu/popupmenu-min.js,menu/6.1.5/lib/menu/menuitem-min.js,search-suggest/6.3.1/mods/storage-min.js,search-suggest/6.3.1/mods/utils-min.js,uploader/6.2.13/logger-min.js,flash/6.0.8/index-min.js

  phantomjs://platform/console++.js:263 in error
[ERROR - 2017-12-10T04:11:24.565Z] Session [2cbcd060-dd60-11e7-9bd6-1be88dac27be] - page.onError - stack:
  (anonymous function) (https://g.alicdn.com/??kissy/k/6.2.4/seed-min.js,kg/global-util/1.0.5/index-min.js,tb/tracker/4.2.1/p/index/index.js,kg/tb-nav/2.5.3/index-min.js,secdev/sufei_data/3.0.8/index.js:5)

  phantomjs://platform/console++.js:263 in error
[ERROR - 2017-12-10T04:11:24.566Z] Session [2cbcd060-dd60-11e7-9bd6-1be88dac27be] - page.onError - msg: kg/flash/6.0.8/index is not loaded! can not find module in path : https://g.alicdn.com/kg/??xtemplate/4.3.0/runtime-min.js,component/6.2.3/control-min.js,menu/6.1.5/lib/menu/popupmenu-min.js,menu/6.1.5/lib/menu/menuitem-min.js,search-suggest/6.3.1/mods/storage-min.js,search-suggest/6.3.1/mods/utils-min.js,uploader/6.2.13/logger-min.js,flash/6.0.8/index-min.js

  phantomjs://platform/console++.js:263 in error
[ERROR - 2017-12-10T04:11:24.566Z] Session [2cbcd060-dd60-11e7-9bd6-1be88dac27be] - page.onError - stack:
  (anonymous function) (https://g.alicdn.com/??kissy/k/6.2.4/seed-min.js,kg/global-util/1.0.5/index-min.js,tb/tracker/4.2.1/p/index/index.js,kg/tb-nav/2.5.3/index-min.js,secdev/sufei_data/3.0.8/index.js:5)

  phantomjs://platform/console++.js:263 in error
[ERROR - 2017-12-10T04:11:24.571Z] Session [2cbcd060-dd60-11e7-9bd6-1be88dac27be] - page.onError - msg: kg/sidebar-style-171212/0.0.5/index is not loaded! can not find module in path : https://g.alicdn.com/kg/??sidebar-style-171212/0.0.5/index-min.js

  phantomjs://platform/console++.js:263 in error
[ERROR - 2017-12-10T04:11:24.572Z] Session [2cbcd060-dd60-11e7-9bd6-1be88dac27be] - page.onError - stack:
  (anonymous function) (https://g.alicdn.com/??kissy/k/6.2.4/seed-min.js,kg/global-util/1.0.5/index-min.js,tb/tracker/4.2.1/p/index/index.js,kg/tb-nav/2.5.3/index-min.js,secdev/sufei_data/3.0.8/index.js:5)

  phantomjs://platform/console++.js:263 in error
[ERROR - 2017-12-10T04:11:27.544Z] WebElementLocator - _handleLocateCommand - Element(s) NOT Found: GAVE UP. Search Stop Time: 1512879087081

  phantomjs://platform/console++.js:263 in error
